<?xml version="1.0" encoding="UTF-8"?>
<testng-results ignored="0" total="1" passed="1" failed="0" skipped="0">
  <reporter-output>
  </reporter-output>
  <suite started-at="2023-05-10T16:44:53 IST" name="Default suite" finished-at="2023-05-10T16:45:10 IST" duration-ms="16344">
    <groups>
    </groups>
    <test started-at="2023-05-10T16:44:53 IST" name="Default test" finished-at="2023-05-10T16:45:10 IST" duration-ms="16344">
      <class name="day4.DemoPractice">
        <test-method is-config="true" signature="launchBrowser()[pri:0, instance:day4.DemoPractice@10a9d961]" started-at="2023-05-10T16:44:54 IST" name="launchBrowser" finished-at="2023-05-10T16:44:59 IST" duration-ms="5262" status="PASS">
          <reporter-output>
          </reporter-output>
        </test-method> <!-- launchBrowser -->
        <test-method signature="toolTip()[pri:0, instance:day4.DemoPractice@10a9d961]" started-at="2023-05-10T16:44:59 IST" name="toolTip" finished-at="2023-05-10T16:45:04 IST" duration-ms="5065" status="PASS">
          <reporter-output>
          </reporter-output>
        </test-method> <!-- toolTip -->
        <test-method is-config="true" signature="closeBrowser()[pri:0, instance:day4.DemoPractice@10a9d961]" started-at="2023-05-10T16:45:04 IST" name="closeBrowser" finished-at="2023-05-10T16:45:10 IST" duration-ms="5706" status="PASS">
          <reporter-output>
          </reporter-output>
        </test-method> <!-- closeBrowser -->
      </class> <!-- day4.DemoPractice -->
    </test> <!-- Default test -->
  </suite> <!-- Default suite -->
</testng-results>
