<?xml version="1.0" encoding="UTF-8"?>
<testng-results ignored="0" total="1" passed="1" failed="0" skipped="0">
  <reporter-output>
  </reporter-output>
  <suite started-at="2023-05-31T17:15:41 IST" name="Default suite" finished-at="2023-05-31T17:16:00 IST" duration-ms="18330">
    <groups>
    </groups>
    <test started-at="2023-05-31T17:15:41 IST" name="Default test" finished-at="2023-05-31T17:16:00 IST" duration-ms="18330">
      <class name="DemoPFactory.CreateNewUser">
        <test-method is-config="true" signature="launchBrowser()[pri:0, instance:DemoPFactory.CreateNewUser@632ceb35]" started-at="2023-05-31T17:15:41 IST" name="launchBrowser" finished-at="2023-05-31T17:15:46 IST" duration-ms="5184" status="PASS">
          <reporter-output>
          </reporter-output>
        </test-method> <!-- launchBrowser -->
        <test-method signature="register()[pri:0, instance:DemoPFactory.CreateNewUser@632ceb35]" started-at="2023-05-31T17:15:46 IST" name="register" finished-at="2023-05-31T17:15:54 IST" duration-ms="7193" status="PASS">
          <reporter-output>
          </reporter-output>
        </test-method> <!-- register -->
        <test-method is-config="true" signature="closeBrowser()[pri:0, instance:DemoPFactory.CreateNewUser@632ceb35]" started-at="2023-05-31T17:15:54 IST" name="closeBrowser" finished-at="2023-05-31T17:16:00 IST" duration-ms="5682" status="PASS">
          <reporter-output>
          </reporter-output>
        </test-method> <!-- closeBrowser -->
      </class> <!-- DemoPFactory.CreateNewUser -->
    </test> <!-- Default test -->
  </suite> <!-- Default suite -->
</testng-results>
